#
# There is insufficient memory for the Java Runtime Environment to continue.
# Native memory allocation (malloc) failed to allocate 1048576 bytes for AllocateHeap
# Possible reasons:
#   The system is out of physical RAM or swap space
#   In 32 bit mode, the process size limit was hit
# Possible solutions:
#   Reduce memory load on the system
#   Increase physical memory or swap space
#   Check if swap backing store is full
#   Use 64 bit Java on a 64 bit OS
#   Decrease Java heap size (-Xmx/-Xms)
#   Decrease number of Java threads
#   Decrease Java thread stack sizes (-Xss)
#   Set larger code cache with -XX:ReservedCodeCacheSize=
# This output file may be truncated or incomplete.
#
#  Out of Memory Error (memory/allocation.inline.hpp:62), pid=9064, tid=11016
#
# JRE version:  (8.0_31-b13) (build )
# Java VM: Java HotSpot(TM) 64-Bit Server VM (25.31-b07 mixed mode windows-amd64 compressed oops)
# Failed to write core dump. Minidumps are not enabled by default on client versions of Windows
#

---------------  T H R E A D  ---------------

Current thread (0x0000000000fbd800):  JavaThread "Unknown thread" [_thread_in_vm, id=11016, stack(0x0000000002b40000,0x0000000002c40000)]

Stack: [0x0000000002b40000,0x0000000002c40000]
Native frames: (J=compiled Java code, j=interpreted, Vv=VM code, C=native code)
V  [jvm.dll+0x3169ba]
V  [jvm.dll+0x2674c3]
V  [jvm.dll+0x268103]
V  [jvm.dll+0x25f8f5]
V  [jvm.dll+0x3df90f]
V  [jvm.dll+0x3e044f]
V  [jvm.dll+0x3e0564]
V  [jvm.dll+0x3e0733]
V  [jvm.dll+0xe54d2]
V  [jvm.dll+0x1fa089]
V  [jvm.dll+0x22b694]
V  [jvm.dll+0x14d8c1]
C  [javaw.exe+0x20c6]
C  [javaw.exe+0xc9eb]
C  [javaw.exe+0xca7f]
C  [KERNEL32.DLL+0x12d92]
C  [ntdll.dll+0x9f64]


---------------  P R O C E S S  ---------------

Java Threads: ( => current thread )

Other Threads:

=>0x0000000000fbd800 (exited) JavaThread "Unknown thread" [_thread_in_vm, id=11016, stack(0x0000000002b40000,0x0000000002c40000)]

VM state:not at safepoint (normal execution)

VM Mutex/Monitor currently owned by a thread: None

Heap:
 PSYoungGen      total 9216K, used 163K [0x00000000f6500000, 0x00000000f6f00000, 0x0000000100000000)
  eden space 8192K, 2% used [0x00000000f6500000,0x00000000f6528f68,0x00000000f6d00000)
  from space 1024K, 0% used [0x00000000f6e00000,0x00000000f6e00000,0x00000000f6f00000)
  to   space 1024K, 0% used [0x00000000f6d00000,0x00000000f6d00000,0x00000000f6e00000)
 ParOldGen       total 20480K, used 0K [0x00000000e2e00000, 0x00000000e4200000, 0x00000000f6500000)
  object space 20480K, 0% used [0x00000000e2e00000,0x00000000e2e00000,0x00000000e4200000)
 Metaspace       used 657K, capacity 4480K, committed 4480K, reserved 1056768K
  class space    used 67K, capacity 384K, committed 384K, reserved 1048576K

Card table byte_map: [0x0000000012100000,0x00000000121f0000] byte_map_base: 0x00000000119e9000

Marking Bits: (ParMarkBitMap*) 0x000000007116d4f0
 Begin Bits: [0x00000000123f0000, 0x0000000012b38000)
 End Bits:   [0x0000000012b38000, 0x0000000013280000)

Polling page: 0x0000000000ff0000

CodeCache: size=245760Kb used=326Kb max_used=326Kb free=245433Kb
 bounds [0x0000000002d40000, 0x0000000002fb0000, 0x0000000011d40000]
 total_blobs=55 nmethods=0 adapters=37
 compilation: enabled

Compilation events (0 events):
No events

GC Heap History (0 events):
No events

Deoptimization events (0 events):
No events

Internal exceptions (0 events):
No events

Events (10 events):
Event: 0.048 loading class java/lang/Short
Event: 0.048 loading class java/lang/Short done
Event: 0.048 loading class java/lang/Integer
Event: 0.048 loading class java/lang/Integer done
Event: 0.048 loading class java/lang/Long
Event: 0.049 loading class java/lang/Long done
Event: 0.050 loading class java/lang/NullPointerException
Event: 0.050 loading class java/lang/NullPointerException done
Event: 0.050 loading class java/lang/ArithmeticException
Event: 0.050 loading class java/lang/ArithmeticException done


Dynamic libraries:
0x00007ff72c840000 - 0x00007ff72c874000 	C:\Program Files\Java\jre1.8.0_31\bin\javaw.exe
0x00007ffb05500000 - 0x00007ffb056c1000 	C:\Windows\SYSTEM32\ntdll.dll
0x00007ffb045d0000 - 0x00007ffb0467d000 	C:\Windows\system32\KERNEL32.DLL
0x00007ffb020f0000 - 0x00007ffb022cd000 	C:\Windows\system32\KERNELBASE.dll
0x00007ffb049b0000 - 0x00007ffb04a56000 	C:\Windows\system32\ADVAPI32.dll
0x00007ffb05200000 - 0x00007ffb0529d000 	C:\Windows\system32\msvcrt.dll
0x00007ffb052a0000 - 0x00007ffb052fb000 	C:\Windows\system32\sechost.dll
0x00007ffb05300000 - 0x00007ffb05426000 	C:\Windows\system32\RPCRT4.dll
0x00007ffb04a60000 - 0x00007ffb04bae000 	C:\Windows\system32\USER32.dll
0x00007ffb02c80000 - 0x00007ffb02e06000 	C:\Windows\system32\GDI32.dll
0x00007ffaf5ff0000 - 0x00007ffaf6264000 	C:\Windows\WinSxS\amd64_microsoft.windows.common-controls_6595b64144ccf1df_6.0.10240.16384_none_f41f7b285750ef43\COMCTL32.dll
0x00007ffb04f90000 - 0x00007ffb04fc6000 	C:\Windows\system32\IMM32.DLL
0x00007ffb04680000 - 0x00007ffb047dc000 	C:\Windows\system32\MSCTF.dll
0x00000000707e0000 - 0x00000000708b2000 	C:\Program Files\Java\jre1.8.0_31\bin\msvcr100.dll
0x0000000070990000 - 0x00000000711ea000 	C:\Program Files\Java\jre1.8.0_31\bin\server\jvm.dll
0x00007ffb045b0000 - 0x00007ffb045b8000 	C:\Windows\system32\PSAPI.DLL
0x00007ffaee610000 - 0x00007ffaee619000 	C:\Windows\SYSTEM32\WSOCK32.dll
0x00007ffb00450000 - 0x00007ffb00473000 	C:\Windows\SYSTEM32\WINMM.dll
0x00007ffb03010000 - 0x00007ffb03079000 	C:\Windows\system32\WS2_32.dll
0x00007ffb04d00000 - 0x00007ffb04d08000 	C:\Windows\system32\NSI.dll
0x00007ffb00420000 - 0x00007ffb0044c000 	C:\Windows\SYSTEM32\WINMMBASE.dll
0x00007ffb02b80000 - 0x00007ffb02bc4000 	C:\Windows\system32\cfgmgr32.dll
0x00007ffb006f0000 - 0x00007ffb00717000 	C:\Windows\SYSTEM32\DEVOBJ.dll
0x0000000070980000 - 0x000000007098f000 	C:\Program Files\Java\jre1.8.0_31\bin\verify.dll
0x0000000070950000 - 0x0000000070978000 	C:\Program Files\Java\jre1.8.0_31\bin\java.dll
0x0000000070930000 - 0x0000000070946000 	C:\Program Files\Java\jre1.8.0_31\bin\zip.dll
0x00007ffada610000 - 0x00007ffada79a000 	C:\Windows\SYSTEM32\dbghelp.dll

VM Arguments:
jvm_args: -Dfile.encoding=Cp1252 
java_command: User
java_class_path (initial): C:\Users\RAJAT BANSAL\Desktop\ecilipse java project\ReBank2\bin;C:\Users\RAJAT BANSAL\Desktop\jxdatepicker-support-1.0.jar.zip;C:\Users\RAJAT BANSAL\Desktop\jxdatepicker-support-1.0-sources.jar.zip;C:\Users\RAJAT BANSAL\Desktop\jdatepicker-1.3.4.jar;C:\Users\RAJAT BANSAL\Desktop\swingx-0.9.4.jar.zip;C:\Users\RAJAT BANSAL\Desktop\swingx-0.9.4.jar;C:\Users\RAJAT BANSAL\Desktop\mysql-connector-java-5.0.4-bin.jar
Launcher Type: SUN_STANDARD

Environment Variables:
JAVA_HOME=C:\Program Files\Java\jdk1.8.0_31\bin
CLASSPATH=C:\Users\RAJAT BANSAL\Downloads\Documents\TextMachine\TextMachine.jar;
PATH=C:/Program Files/Java/jre1.8.0_31/bin/server;C:/Program Files/Java/jre1.8.0_31/bin;C:/Program Files/Java/jre1.8.0_31/lib/amd64;C:\oraclexe\app\oracle\product\10.2.0\server\bin;C:\ProgramData\Oracle\Java\javapath;C:\Windows\system32;C:\Windows;C:\Windows\System32\Wbem;C:\Windows\System32\WindowsPowerShell\v1.0\;C:\Program Files (x86)\Intel\OpenCL SDK\2.0\bin\x86;C:\Program Files (x86)\Intel\OpenCL SDK\2.0\bin\x64;C:\Program Files (x86)\Intel\OpenCL SDK\2.0\bin\x86;C:\Program Files (x86)\Intel\OpenCL SDK\2.0\bin\x64;C:\Program Files (x86)\Common Files\lenovo\easyplussdk\bin;C:\Program Files\Java\jdk1.8.0_31\bin;C:\OrCAD\OrCAD_16.6_Lite\tools\pcb\bin;C:\OrCAD\OrCAD_16.6_Lite\tools\fet\bin;C:\OrCAD\OrCAD_16.6_Lite\OpenAccess\bin\win32\opt;C:\OrCAD\OrCAD_16.6_Lite\tools\bin;C:\OrCAD\OrCAD_16.6_Lite\tools\Capture;C:\OrCAD\OrCAD_16.6_Lite\tools\PSpice;;C:\Program Files\eclipse;
USERNAME=RAJAT BANSAL
OS=Windows_NT
PROCESSOR_IDENTIFIER=Intel64 Family 6 Model 42 Stepping 7, GenuineIntel



---------------  S Y S T E M  ---------------

OS: Windows 8.1 , 64 bit Build 9600 

CPU:total 2 (2 cores per cpu, 1 threads per core) family 6 model 42 stepping 7, cmov, cx8, fxsr, mmx, sse, sse2, sse3, ssse3, sse4.1, sse4.2, popcnt, clmul, tsc, tscinvbit

Memory: 4k page, physical 1901852k(189636k free), swap 7669020k(9228k free)

vm_info: Java HotSpot(TM) 64-Bit Server VM (25.31-b07) for windows-amd64 JRE (1.8.0_31-b13), built on Dec 17 2014 21:00:28 by "java_re" with MS VC++ 10.0 (VS2010)

time: Wed Jul 20 15:38:25 2016
elapsed time: 3 seconds (0d 0h 0m 3s)

